<?xml version="1.0" encoding="UTF-8"?>
<!-- Generated by org.testng.reporters.JUnitXMLReporter -->
<testsuite ignored="0" hostname="Sagar-Komal" failures="1" tests="1" name="Default test" time="0.518" errors="0" timestamp="2024-06-10T17:21:13 CDT">
  <testcase classname="io.cucumber.testng.AbstractTestNGCucumberTests" name="runScenario" time="0.151">
    <failure type="java.lang.NullPointerException" message="Cannot invoke &amp;quot;String.equals(Object)&amp;quot; because &amp;quot;browser&amp;quot; is null">
      <![CDATA[java.lang.NullPointerException: Cannot invoke "String.equals(Object)" because "browser" is null
at factory.DriverFactory.initDriver(DriverFactory.java:24)
at factory.DriverFactory.getDriver(DriverFactory.java:40)
at appHooks.ApplicationHooks.launchbrowser(ApplicationHooks.java:31)
]]>
    </failure>
  </testcase> <!-- runScenario -->
</testsuite> <!-- Default test -->
